[0m[[0m[0mdebug[0m] [0m[0m> Exec(early(addDefaultCommands), None, None)[0m
[0m[[0m[0mdebug[0m] [0m[0m> Exec(addDefaultCommands, None, None)[0m
[0m[[0m[0mdebug[0m] [0m[0m> Exec(early(initialize), None, None)[0m
[0m[[0m[0mdebug[0m] [0m[0m> Exec(initialize, None, None)[0m
[0m[[0m[0mdebug[0m] [0m[0m> Exec(boot, None, None)[0m
[0m[[0m[0mdebug[0m] [0m[0m> Exec(writeSbtVersion, None, None)[0m
[0m[[0m[0mdebug[0m] [0m[0m> Exec(reload, None, None)[0m
[0m[[0m[0mdebug[0m] [0m[0m> Exec(sbtStashOnFailure, None, None)[0m
[0m[[0m[0mdebug[0m] [0m[0m> Exec(onFailure loadFailed, None, None)[0m
[0m[[0m[0mdebug[0m] [0m[0m> Exec(loadp, None, None)[0m
[0m[[0m[0minfo[0m] [0m[0mwelcome to sbt 1.5.5 (Oracle Corporation Java 1.8.0_292)[0m
[0m[[0m[0mdebug[0m] [0m[0mLoad.defaultLoad until apply took 524.110514ms[0m
[0m[[0m[0mdebug[0m] [0m[0m          Load.loadUnit: plugins took 120.385566ms[0m
[0m[[0m[0mdebug[0m] [0m[0m          Load.loadUnit: defsScala took 0.638687ms[0m
[0m[[0m[0mdebug[0m] [0m[0m[Loading] Scanning directory /home/daniyar/mounty/mounty-message-api/project[0m
[0m[[0m[0mdebug[0m] [0m[0m[Loading] Found non-root projects [0m
[0m[[0m[0mdebug[0m] [0m[0m[Loading] Done in /home/daniyar/mounty/mounty-message-api/project, returning: ()[0m
[0m[[0m[0mdebug[0m] [0m[0mdeducing auto plugins based on known facts Set(Atom(sbt.plugins.CorePlugin)) and clauses Clauses(Clause(Atom(sbt.plugins.JvmPlugin),Set(Atom(sbt.plugins.IvyPlugin)))[0m
[0m[[0m[0mdebug[0m] [0m[0mClause(Atom(sbt.ScriptedPlugin),Set(Atom(sbt.plugins.JvmPlugin)))[0m
[0m[[0m[0mdebug[0m] [0m[0mClause(Atom(sbt.plugins.SbtPlugin),Set(Atom(sbt.ScriptedPlugin)))[0m
[0m[[0m[0mdebug[0m] [0m[0mClause(Atom(sbt.plugins.SemanticdbPlugin),Set(Atom(sbt.plugins.JvmPlugin)))[0m
[0m[[0m[0mdebug[0m] [0m[0mClause(Atom(sbt.plugins.JUnitXmlReportPlugin),Set(Atom(sbt.plugins.JvmPlugin)))[0m
[0m[[0m[0mdebug[0m] [0m[0mClause(Atom(sbt.plugins.MiniDependencyTreePlugin),Set(Atom(sbt.plugins.JvmPlugin)))[0m
[0m[[0m[0mdebug[0m] [0m[0mClause(Atom(sbt.plugins.CorePlugin),Set(Atom(sbt.plugins.IvyPlugin)))[0m
[0m[[0m[0mdebug[0m] [0m[0mClause(Atom(sbt.plugins.IvyPlugin),Set(Atom(sbt.plugins.JvmPlugin)))[0m
[0m[[0m[0mdebug[0m] [0m[0mClause(Atom(sbt.plugins.JvmPlugin),Set(Atom(sbt.plugins.SemanticdbPlugin)))[0m
[0m[[0m[0mdebug[0m] [0m[0mClause(Atom(sbt.plugins.JvmPlugin),Set(Atom(sbt.plugins.JUnitXmlReportPlugin)))[0m
[0m[[0m[0mdebug[0m] [0m[0mClause(Atom(sbt.plugins.CorePlugin),Set(Atom(sbt.plugins.Giter8TemplatePlugin)))[0m
[0m[[0m[0mdebug[0m] [0m[0mClause(Atom(sbt.plugins.JvmPlugin),Set(Atom(sbt.plugins.MiniDependencyTreePlugin))))[0m
[0m[[0m[0mdebug[0m] [0m[0m  :: deduced result: Matched(sbt.plugins.CorePlugin,sbt.plugins.Giter8TemplatePlugin,sbt.plugins.IvyPlugin,sbt.plugins.JvmPlugin,sbt.plugins.MiniDependencyTreePlugin,sbt.plugins.JUnitXmlReportPlugin,sbt.plugins.SemanticdbPlugin)[0m
[0m[[0m[0mdebug[0m] [0m[0mPlugins.deducer#function took 28.295917 ms[0m
[0m[[0m[0mdebug[0m] [0m[0m              Load.resolveProject(mounty-message-api-build) took 71.689986ms[0m
[0m[[0m[0mdebug[0m] [0m[0m            Load.loadTransitive: finalizeProject(Project(id mounty-message-api-build, base: /home/daniyar/mounty/mounty-message-api/project, plugins: List(<none>))) took 354.736943ms[0m
[0m[[0m[0mdebug[0m] [0m[0m[Loading] Done in /home/daniyar/mounty/mounty-message-api/project, returning: (mounty-message-api-build)[0m
[0m[[0m[0mdebug[0m] [0m[0m          Load.loadUnit: loadedProjectsRaw took 385.927291ms[0m
[0m[[0m[0mdebug[0m] [0m[0m          Load.loadUnit: cleanEvalClasses took 0.450954ms[0m
[0m[[0m[0mdebug[0m] [0m[0m        Load.loadUnit(file:/home/daniyar/mounty/mounty-message-api/project/, ...) took 518.067214ms[0m
[0m[[0m[0mdebug[0m] [0m[0m      Load.apply: load took 713.38952ms[0m
[0m[[0m[0mdebug[0m] [0m[0m      Load.apply: resolveProjects took 9.563562ms[0m
[0m[[0m[0mdebug[0m] [0m[0m      Load.apply: finalTransforms took 74.869803ms[0m
[0m[[0m[0mdebug[0m] [0m[0m      Load.apply: config.delegates took 11.767969ms[0m
[0m[[0m[0mdebug[0m] [0m[0m      Load.apply: Def.make(settings)... took 559.677785ms[0m
[0m[[0m[0mdebug[0m] [0m[0m      Load.apply: structureIndex took 135.663596ms[0m
[0m[[0m[0mdebug[0m] [0m[0m      Load.apply: mkStreams took 2.047627ms[0m
[0m[[0m[0minfo[0m] [0m[0mloading project definition from /home/daniyar/mounty/mounty-message-api/project[0m
[0m[[0m[0mdebug[0m] [0m[0mRunning task... Cancel: Signal, check cycles: false, forcegc: true[0m
[0m[[0m[0mdebug[0m] [0m[0m    Load.loadUnit: plugins took 2485.724054ms[0m
[0m[[0m[0mdebug[0m] [0m[0m    Load.loadUnit: defsScala took 0.004539ms[0m
[0m[[0m[0mdebug[0m] [0m[0m[Loading] Scanning directory /home/daniyar/mounty/mounty-message-api[0m
[0m[[0m[0mdebug[0m] [0m[0m      Load.loadUnit: mkEval took 7.32335ms[0m
[0m[[0m[0mdebug[0m] [0m[0m[Loading] Found non-root projects [0m
[0m[[0m[0mdebug[0m] [0m[0m[Loading] Done in /home/daniyar/mounty/mounty-message-api, returning: ()[0m
[0m[[0m[0mdebug[0m] [0m[0mdeducing auto plugins based on known facts Set(Atom(sbt.plugins.CorePlugin)) and clauses Clauses(Clause(Atom(sbt.plugins.JvmPlugin),Set(Atom(sbt.plugins.IvyPlugin)))[0m
[0m[[0m[0mdebug[0m] [0m[0mClause(Atom(sbt.ScriptedPlugin),Set(Atom(sbt.plugins.JvmPlugin)))[0m
[0m[[0m[0mdebug[0m] [0m[0mClause(Atom(sbt.plugins.SbtPlugin),Set(Atom(sbt.ScriptedPlugin)))[0m
[0m[[0m[0mdebug[0m] [0m[0mClause(Atom(sbt.plugins.SemanticdbPlugin),Set(Atom(sbt.plugins.JvmPlugin)))[0m
[0m[[0m[0mdebug[0m] [0m[0mClause(Atom(sbt.plugins.JUnitXmlReportPlugin),Set(Atom(sbt.plugins.JvmPlugin)))[0m
[0m[[0m[0mdebug[0m] [0m[0mClause(Atom(sbt.plugins.MiniDependencyTreePlugin),Set(Atom(sbt.plugins.JvmPlugin)))[0m
[0m[[0m[0mdebug[0m] [0m[0mClause(Atom(sbt.plugins.CorePlugin),Set(Atom(sbt.plugins.IvyPlugin)))[0m
[0m[[0m[0mdebug[0m] [0m[0mClause(Atom(sbt.plugins.IvyPlugin),Set(Atom(sbt.plugins.JvmPlugin)))[0m
[0m[[0m[0mdebug[0m] [0m[0mClause(Atom(sbt.plugins.JvmPlugin),Set(Atom(sbt.plugins.SemanticdbPlugin)))[0m
[0m[[0m[0mdebug[0m] [0m[0mClause(Atom(sbt.plugins.JvmPlugin),Set(Atom(sbt.plugins.JUnitXmlReportPlugin)))[0m
[0m[[0m[0mdebug[0m] [0m[0mClause(Atom(sbt.plugins.CorePlugin),Set(Atom(sbt.plugins.Giter8TemplatePlugin)))[0m
[0m[[0m[0mdebug[0m] [0m[0mClause(Atom(sbt.plugins.JvmPlugin),Set(Atom(sbt.plugins.MiniDependencyTreePlugin))))[0m
[0m[[0m[0mdebug[0m] [0m[0m  :: deduced result: Matched(sbt.plugins.CorePlugin,sbt.plugins.Giter8TemplatePlugin,sbt.plugins.IvyPlugin,sbt.plugins.JvmPlugin,sbt.plugins.MiniDependencyTreePlugin,sbt.plugins.JUnitXmlReportPlugin,sbt.plugins.SemanticdbPlugin)[0m
[0m[[0m[0mdebug[0m] [0m[0mPlugins.deducer#function took 2.639615 ms[0m
[0m[[0m[0minfo[0m] [0m[0mloading settings for project mounty-message-api from build.sbt ...[0m
[0m[[0m[0mdebug[0m] [0m[0m        Load.resolveProject(mounty-message-api) took 8.07327ms[0m
[0m[[0m[0mdebug[0m] [0m[0m      Load.loadTransitive: finalizeProject(Project(id mounty-message-api, base: /home/daniyar/mounty/mounty-message-api, plugins: List(<none>))) took 11.595416ms[0m
[0m[[0m[0mdebug[0m] [0m[0m[Loading] Done in /home/daniyar/mounty/mounty-message-api, returning: (mounty-message-api)[0m
[0m[[0m[0mdebug[0m] [0m[0m    Load.loadUnit: loadedProjectsRaw took 2218.309556ms[0m
[0m[[0m[0mdebug[0m] [0m[0m    Load.loadUnit: cleanEvalClasses took 10.809614ms[0m
[0m[[0m[0mdebug[0m] [0m[0m  Load.loadUnit(file:/home/daniyar/mounty/mounty-message-api/, ...) took 4716.707477ms[0m
[0m[[0m[0mdebug[0m] [0m[0mLoad.apply: load took 4745.186433ms[0m
[0m[[0m[0mdebug[0m] [0m[0mLoad.apply: resolveProjects took 0.169316ms[0m
[0m[[0m[0mdebug[0m] [0m[0mLoad.apply: finalTransforms took 12.778613ms[0m
[0m[[0m[0mdebug[0m] [0m[0mLoad.apply: config.delegates took 0.486751ms[0m
[0m[[0m[31merror[0m] [0m[0mjava.lang.IllegalArgumentException: requirement failed: Organization cannot be empty.[0m
[0m[[0m[31merror[0m] [0m[0m	at scala.Predef$.require(Predef.scala:281)[0m
[0m[[0m[31merror[0m] [0m[0m	at sbt.internal.librarymanagement.StringUtilities$.nonEmpty(StringUtilities.scala:15)[0m
[0m[[0m[31merror[0m] [0m[0m	at sbt.librarymanagement.DependencyBuilders.stringToOrganization(DependencyBuilders.scala:20)[0m
[0m[[0m[31merror[0m] [0m[0m	at sbt.librarymanagement.DependencyBuilders.stringToOrganization$(DependencyBuilders.scala:19)[0m
[0m[[0m[31merror[0m] [0m[0m	at sbt.package$.stringToOrganization(package.scala:16)[0m
[0m[[0m[31merror[0m] [0m[0m	at $b310b2d553e7c4069f31$.$anonfun$$sbtdef$1(/home/daniyar/mounty/mounty-message-api/build.sbt:13)[0m
[0m[[0m[31merror[0m] [0m[0m	at sbt.internal.util.EvaluateSettings.$anonfun$constant$1(INode.scala:211)[0m
[0m[[0m[31merror[0m] [0m[0m	at sbt.internal.util.EvaluateSettings$MixedNode.evaluate0(INode.scala:228)[0m
[0m[[0m[31merror[0m] [0m[0m	at sbt.internal.util.EvaluateSettings$INode.evaluate(INode.scala:170)[0m
[0m[[0m[31merror[0m] [0m[0m	at sbt.internal.util.EvaluateSettings.$anonfun$submitEvaluate$1(INode.scala:87)[0m
[0m[[0m[31merror[0m] [0m[0m	at sbt.internal.util.EvaluateSettings.sbt$internal$util$EvaluateSettings$$run0(INode.scala:99)[0m
[0m[[0m[31merror[0m] [0m[0m	at sbt.internal.util.EvaluateSettings$$anon$3.run(INode.scala:94)[0m
[0m[[0m[31merror[0m] [0m[0m	at java.util.concurrent.ThreadPoolExecutor.runWorker(ThreadPoolExecutor.java:1149)[0m
[0m[[0m[31merror[0m] [0m[0m	at java.util.concurrent.ThreadPoolExecutor$Worker.run(ThreadPoolExecutor.java:624)[0m
[0m[[0m[31merror[0m] [0m[0m	at java.lang.Thread.run(Thread.java:748)[0m
[0m[[0m[31merror[0m] [0m[0mjava.lang.IllegalArgumentException: requirement failed: Organization cannot be empty.[0m
[0m[[0m[31merror[0m] [0m[0mUse 'last' for the full log.[0m
[0m[[0m[0mdebug[0m] [0m[0m> Exec(loadFailed, None, None)[0m
[0m[[0m[33mwarn[0m] [0m[0mProject loading failed: (r)etry, (q)uit, (l)ast, or (i)gnore? (default: r)[0m
